0 info it worked if it ends with ok
1 verbose cli [ 'C:\\Users\\Admin\\AppData\\Local\\.meteor\\packages\\meteor-tool\\1.4.2_7\\mt-os.windows.x86_32\\dev_bundle\\bin\\node.exe',
1 verbose cli   'C:\\Users\\Admin\\AppData\\Local\\.meteor\\packages\\meteor-tool\\1.4.2_7\\mt-os.windows.x86_32\\dev_bundle\\lib\\node_modules\\npm\\bin\\npm-cli.js',
1 verbose cli   'install',
1 verbose cli   '--save',
1 verbose cli   'bcrypt' ]
2 info using npm@3.10.9
3 info using node@v4.7.3
4 silly loadCurrentTree Starting
5 silly install loadCurrentTree
6 silly install readLocalPackageData
7 silly fetchPackageMetaData bcrypt@^0.8.7
8 silly fetchNamedPackageData bcrypt
9 silly mapToRegistry name bcrypt
10 silly mapToRegistry using default registry
11 silly mapToRegistry registry https://registry.npmjs.org/
12 silly mapToRegistry data Result {
12 silly mapToRegistry   raw: 'bcrypt',
12 silly mapToRegistry   scope: null,
12 silly mapToRegistry   escapedName: 'bcrypt',
12 silly mapToRegistry   name: 'bcrypt',
12 silly mapToRegistry   rawSpec: '',
12 silly mapToRegistry   spec: 'latest',
12 silly mapToRegistry   type: 'tag' }
13 silly mapToRegistry uri https://registry.npmjs.org/bcrypt
14 verbose request uri https://registry.npmjs.org/bcrypt
15 verbose request no auth needed
16 info attempt registry request try #1 at 12:20:49 PM
17 verbose request id c979ed991f3a75dc
18 http request GET https://registry.npmjs.org/bcrypt
19 http 200 https://registry.npmjs.org/bcrypt
20 verbose headers { server: 'nginx/1.10.1',
20 verbose headers   'content-type': 'application/json',
20 verbose headers   'last-modified': 'Mon, 13 Feb 2017 11:20:16 GMT',
20 verbose headers   etag: 'W/"58a19670-16d95"',
20 verbose headers   'content-encoding': 'gzip',
20 verbose headers   'cache-control': 'max-age=300',
20 verbose headers   'content-length': '11061',
20 verbose headers   'accept-ranges': 'bytes',
20 verbose headers   date: 'Tue, 21 Feb 2017 17:20:46 GMT',
20 verbose headers   via: '1.1 varnish',
20 verbose headers   age: '181',
20 verbose headers   connection: 'keep-alive',
20 verbose headers   'x-served-by': 'cache-jfk8139-JFK',
20 verbose headers   'x-cache': 'HIT',
20 verbose headers   'x-cache-hits': '2',
20 verbose headers   'x-timer': 'S1487697646.682523,VS0,VE0',
20 verbose headers   vary: 'Accept-Encoding' }
21 silly get cb [ 200,
21 silly get   { server: 'nginx/1.10.1',
21 silly get     'content-type': 'application/json',
21 silly get     'last-modified': 'Mon, 13 Feb 2017 11:20:16 GMT',
21 silly get     etag: 'W/"58a19670-16d95"',
21 silly get     'content-encoding': 'gzip',
21 silly get     'cache-control': 'max-age=300',
21 silly get     'content-length': '11061',
21 silly get     'accept-ranges': 'bytes',
21 silly get     date: 'Tue, 21 Feb 2017 17:20:46 GMT',
21 silly get     via: '1.1 varnish',
21 silly get     age: '181',
21 silly get     connection: 'keep-alive',
21 silly get     'x-served-by': 'cache-jfk8139-JFK',
21 silly get     'x-cache': 'HIT',
21 silly get     'x-cache-hits': '2',
21 silly get     'x-timer': 'S1487697646.682523,VS0,VE0',
21 silly get     vary: 'Accept-Encoding' } ]
22 verbose get saving bcrypt to C:\Users\Admin\AppData\Local\.meteor\packages\meteor-tool\1.4.2_7\mt-os.windows.x86_32\dev_bundle\.npm\registry.npmjs.org\bcrypt\.cache.json
23 verbose correctMkdir C:\Users\Admin\AppData\Local\.meteor\packages\meteor-tool\1.4.2_7\mt-os.windows.x86_32\dev_bundle\.npm correctMkdir not in flight; initializing
24 silly install normalizeTree
25 silly loadCurrentTree Finishing
26 silly loadIdealTree Starting
27 silly install loadIdealTree
28 silly cloneCurrentTree Starting
29 silly install cloneCurrentTreeToIdealTree
30 silly cloneCurrentTree Finishing
31 silly loadShrinkwrap Starting
32 silly install loadShrinkwrap
33 silly loadShrinkwrap Finishing
34 silly loadAllDepsIntoIdealTree Starting
35 silly install loadAllDepsIntoIdealTree
36 silly resolveWithNewModule bcrypt@0.8.7 checking installable status
37 silly cache add args [ 'bcrypt@^0.8.7', null ]
38 verbose cache add spec bcrypt@^0.8.7
39 silly cache add parsed spec Result {
39 silly cache add   raw: 'bcrypt@^0.8.7',
39 silly cache add   scope: null,
39 silly cache add   escapedName: 'bcrypt',
39 silly cache add   name: 'bcrypt',
39 silly cache add   rawSpec: '^0.8.7',
39 silly cache add   spec: '>=0.8.7 <0.9.0',
39 silly cache add   type: 'range' }
40 silly addNamed bcrypt@>=0.8.7 <0.9.0
41 verbose addNamed ">=0.8.7 <0.9.0" is a valid semver range for bcrypt
42 silly addNameRange { name: 'bcrypt', range: '>=0.8.7 <0.9.0', hasData: false }
43 silly mapToRegistry name bcrypt
44 silly mapToRegistry using default registry
45 silly mapToRegistry registry https://registry.npmjs.org/
46 silly mapToRegistry data Result {
46 silly mapToRegistry   raw: 'bcrypt',
46 silly mapToRegistry   scope: null,
46 silly mapToRegistry   escapedName: 'bcrypt',
46 silly mapToRegistry   name: 'bcrypt',
46 silly mapToRegistry   rawSpec: '',
46 silly mapToRegistry   spec: 'latest',
46 silly mapToRegistry   type: 'tag' }
47 silly mapToRegistry uri https://registry.npmjs.org/bcrypt
48 verbose addNameRange registry:https://registry.npmjs.org/bcrypt not in flight; fetching
49 verbose get https://registry.npmjs.org/bcrypt not expired, no request
50 silly addNameRange number 2 { name: 'bcrypt', range: '>=0.8.7 <0.9.0', hasData: true }
51 silly addNameRange versions [ 'bcrypt',
51 silly addNameRange   [ '0.1.2',
51 silly addNameRange     '0.2.0',
51 silly addNameRange     '0.2.1',
51 silly addNameRange     '0.1.3',
51 silly addNameRange     '0.2.2',
51 silly addNameRange     '0.2.3',
51 silly addNameRange     '0.2.4',
51 silly addNameRange     '0.3.0',
51 silly addNameRange     '0.3.1',
51 silly addNameRange     '0.3.2',
51 silly addNameRange     '0.4.0',
51 silly addNameRange     '0.4.1',
51 silly addNameRange     '0.5.0',
51 silly addNameRange     '0.6.0',
51 silly addNameRange     '0.7.0',
51 silly addNameRange     '0.7.1',
51 silly addNameRange     '0.7.2',
51 silly addNameRange     '0.7.3',
51 silly addNameRange     '0.7.4',
51 silly addNameRange     '0.7.5',
51 silly addNameRange     '0.7.6',
51 silly addNameRange     '0.7.7',
51 silly addNameRange     '0.7.8',
51 silly addNameRange     '0.8.0',
51 silly addNameRange     '0.8.1',
51 silly addNameRange     '0.8.2',
51 silly addNameRange     '0.8.3',
51 silly addNameRange     '0.8.4',
51 silly addNameRange     '0.8.5',
51 silly addNameRange     '0.8.6',
51 silly addNameRange     '0.8.7',
51 silly addNameRange     '1.0.0',
51 silly addNameRange     '1.0.1',
51 silly addNameRange     '1.0.2' ] ]
52 silly addNamed bcrypt@0.8.7
53 verbose addNamed "0.8.7" is a plain semver version for bcrypt
54 silly mapToRegistry name bcrypt
55 silly mapToRegistry using default registry
56 silly mapToRegistry registry https://registry.npmjs.org/
57 silly mapToRegistry data Result {
57 silly mapToRegistry   raw: 'bcrypt',
57 silly mapToRegistry   scope: null,
57 silly mapToRegistry   escapedName: 'bcrypt',
57 silly mapToRegistry   name: 'bcrypt',
57 silly mapToRegistry   rawSpec: '',
57 silly mapToRegistry   spec: 'latest',
57 silly mapToRegistry   type: 'tag' }
58 silly mapToRegistry uri https://registry.npmjs.org/bcrypt
59 verbose addRemoteTarball https://registry.npmjs.org/bcrypt/-/bcrypt-0.8.7.tgz not in flight; adding
60 verbose addRemoteTarball [ 'https://registry.npmjs.org/bcrypt/-/bcrypt-0.8.7.tgz',
60 verbose addRemoteTarball   'bc3875a9afd0a7b2cd231a6a7f218a5ce156b093' ]
61 info retry fetch attempt 1 at 12:20:49 PM
62 info attempt registry request try #1 at 12:20:49 PM
63 http fetch GET https://registry.npmjs.org/bcrypt/-/bcrypt-0.8.7.tgz
64 http fetch 200 https://registry.npmjs.org/bcrypt/-/bcrypt-0.8.7.tgz
65 silly fetchAndShaCheck shasum bc3875a9afd0a7b2cd231a6a7f218a5ce156b093
66 verbose addTmpTarball C:\Users\Admin\AppData\Local\Temp\npm-7560-9863d25b\registry.npmjs.org\bcrypt\-\bcrypt-0.8.7.tgz not in flight; adding
67 verbose addTmpTarball already have metadata; skipping unpack for bcrypt@0.8.7
68 verbose correctMkdir C:\Users\Admin\AppData\Local\.meteor\packages\meteor-tool\1.4.2_7\mt-os.windows.x86_32\dev_bundle\.npm correctMkdir not in flight; initializing
69 silly cache afterAdd bcrypt@0.8.7
70 verbose afterAdd C:\Users\Admin\AppData\Local\.meteor\packages\meteor-tool\1.4.2_7\mt-os.windows.x86_32\dev_bundle\.npm\bcrypt\0.8.7\package\package.json not in flight; writing
71 verbose correctMkdir C:\Users\Admin\AppData\Local\.meteor\packages\meteor-tool\1.4.2_7\mt-os.windows.x86_32\dev_bundle\.npm correctMkdir not in flight; initializing
72 verbose afterAdd C:\Users\Admin\AppData\Local\.meteor\packages\meteor-tool\1.4.2_7\mt-os.windows.x86_32\dev_bundle\.npm\bcrypt\0.8.7\package\package.json written
73 silly fetchNamedPackageData bindings
74 silly mapToRegistry name bindings
75 silly mapToRegistry using default registry
76 silly mapToRegistry registry https://registry.npmjs.org/
77 silly mapToRegistry data Result {
77 silly mapToRegistry   raw: 'bindings',
77 silly mapToRegistry   scope: null,
77 silly mapToRegistry   escapedName: 'bindings',
77 silly mapToRegistry   name: 'bindings',
77 silly mapToRegistry   rawSpec: '',
77 silly mapToRegistry   spec: 'latest',
77 silly mapToRegistry   type: 'tag' }
78 silly mapToRegistry uri https://registry.npmjs.org/bindings
79 silly fetchNamedPackageData nan
80 silly mapToRegistry name nan
81 silly mapToRegistry using default registry
82 silly mapToRegistry registry https://registry.npmjs.org/
83 silly mapToRegistry data Result {
83 silly mapToRegistry   raw: 'nan',
83 silly mapToRegistry   scope: null,
83 silly mapToRegistry   escapedName: 'nan',
83 silly mapToRegistry   name: 'nan',
83 silly mapToRegistry   rawSpec: '',
83 silly mapToRegistry   spec: 'latest',
83 silly mapToRegistry   type: 'tag' }
84 silly mapToRegistry uri https://registry.npmjs.org/nan
85 verbose request uri https://registry.npmjs.org/bindings
86 verbose request no auth needed
87 info attempt registry request try #1 at 12:20:49 PM
88 http request GET https://registry.npmjs.org/bindings
89 verbose request uri https://registry.npmjs.org/nan
90 verbose request no auth needed
91 info attempt registry request try #1 at 12:20:49 PM
92 http request GET https://registry.npmjs.org/nan
93 http 200 https://registry.npmjs.org/bindings
94 verbose headers { server: 'nginx/1.10.1',
94 verbose headers   'content-type': 'application/json',
94 verbose headers   'last-modified': 'Tue, 18 Oct 2016 15:54:59 GMT',
94 verbose headers   etag: 'W/"580645d3-46f7"',
94 verbose headers   'content-encoding': 'gzip',
94 verbose headers   'cache-control': 'max-age=300',
94 verbose headers   'content-length': '3493',
94 verbose headers   'accept-ranges': 'bytes',
94 verbose headers   date: 'Tue, 21 Feb 2017 17:20:46 GMT',
94 verbose headers   via: '1.1 varnish',
94 verbose headers   age: '58',
94 verbose headers   connection: 'keep-alive',
94 verbose headers   'x-served-by': 'cache-jfk8139-JFK',
94 verbose headers   'x-cache': 'HIT',
94 verbose headers   'x-cache-hits': '2',
94 verbose headers   'x-timer': 'S1487697646.923871,VS0,VE0',
94 verbose headers   vary: 'Accept-Encoding' }
95 silly get cb [ 200,
95 silly get   { server: 'nginx/1.10.1',
95 silly get     'content-type': 'application/json',
95 silly get     'last-modified': 'Tue, 18 Oct 2016 15:54:59 GMT',
95 silly get     etag: 'W/"580645d3-46f7"',
95 silly get     'content-encoding': 'gzip',
95 silly get     'cache-control': 'max-age=300',
95 silly get     'content-length': '3493',
95 silly get     'accept-ranges': 'bytes',
95 silly get     date: 'Tue, 21 Feb 2017 17:20:46 GMT',
95 silly get     via: '1.1 varnish',
95 silly get     age: '58',
95 silly get     connection: 'keep-alive',
95 silly get     'x-served-by': 'cache-jfk8139-JFK',
95 silly get     'x-cache': 'HIT',
95 silly get     'x-cache-hits': '2',
95 silly get     'x-timer': 'S1487697646.923871,VS0,VE0',
95 silly get     vary: 'Accept-Encoding' } ]
96 verbose get saving bindings to C:\Users\Admin\AppData\Local\.meteor\packages\meteor-tool\1.4.2_7\mt-os.windows.x86_32\dev_bundle\.npm\registry.npmjs.org\bindings\.cache.json
97 verbose correctMkdir C:\Users\Admin\AppData\Local\.meteor\packages\meteor-tool\1.4.2_7\mt-os.windows.x86_32\dev_bundle\.npm correctMkdir not in flight; initializing
98 silly resolveWithNewModule bindings@1.2.1 checking installable status
99 silly cache add args [ 'bindings@1.2.1', null ]
100 verbose cache add spec bindings@1.2.1
101 silly cache add parsed spec Result {
101 silly cache add   raw: 'bindings@1.2.1',
101 silly cache add   scope: null,
101 silly cache add   escapedName: 'bindings',
101 silly cache add   name: 'bindings',
101 silly cache add   rawSpec: '1.2.1',
101 silly cache add   spec: '1.2.1',
101 silly cache add   type: 'version' }
102 silly addNamed bindings@1.2.1
103 verbose addNamed "1.2.1" is a plain semver version for bindings
104 silly mapToRegistry name bindings
105 silly mapToRegistry using default registry
106 silly mapToRegistry registry https://registry.npmjs.org/
107 silly mapToRegistry data Result {
107 silly mapToRegistry   raw: 'bindings',
107 silly mapToRegistry   scope: null,
107 silly mapToRegistry   escapedName: 'bindings',
107 silly mapToRegistry   name: 'bindings',
107 silly mapToRegistry   rawSpec: '',
107 silly mapToRegistry   spec: 'latest',
107 silly mapToRegistry   type: 'tag' }
108 silly mapToRegistry uri https://registry.npmjs.org/bindings
109 verbose addNameVersion registry:https://registry.npmjs.org/bindings not in flight; fetching
110 verbose get https://registry.npmjs.org/bindings not expired, no request
111 silly mapToRegistry name bindings
112 silly mapToRegistry using default registry
113 silly mapToRegistry registry https://registry.npmjs.org/
114 silly mapToRegistry data Result {
114 silly mapToRegistry   raw: 'bindings',
114 silly mapToRegistry   scope: null,
114 silly mapToRegistry   escapedName: 'bindings',
114 silly mapToRegistry   name: 'bindings',
114 silly mapToRegistry   rawSpec: '',
114 silly mapToRegistry   spec: 'latest',
114 silly mapToRegistry   type: 'tag' }
115 silly mapToRegistry uri https://registry.npmjs.org/bindings
116 verbose addRemoteTarball https://registry.npmjs.org/bindings/-/bindings-1.2.1.tgz not in flight; adding
117 verbose addRemoteTarball [ 'https://registry.npmjs.org/bindings/-/bindings-1.2.1.tgz',
117 verbose addRemoteTarball   '14ad6113812d2d37d72e67b4cacb4bb726505f11' ]
118 info retry fetch attempt 1 at 12:20:49 PM
119 info attempt registry request try #1 at 12:20:49 PM
120 http fetch GET https://registry.npmjs.org/bindings/-/bindings-1.2.1.tgz
121 http fetch 200 https://registry.npmjs.org/bindings/-/bindings-1.2.1.tgz
122 silly fetchAndShaCheck shasum 14ad6113812d2d37d72e67b4cacb4bb726505f11
123 verbose addTmpTarball C:\Users\Admin\AppData\Local\Temp\npm-7560-9863d25b\registry.npmjs.org\bindings\-\bindings-1.2.1.tgz not in flight; adding
124 verbose addTmpTarball already have metadata; skipping unpack for bindings@1.2.1
125 verbose correctMkdir C:\Users\Admin\AppData\Local\.meteor\packages\meteor-tool\1.4.2_7\mt-os.windows.x86_32\dev_bundle\.npm correctMkdir not in flight; initializing
126 silly cache afterAdd bindings@1.2.1
127 verbose afterAdd C:\Users\Admin\AppData\Local\.meteor\packages\meteor-tool\1.4.2_7\mt-os.windows.x86_32\dev_bundle\.npm\bindings\1.2.1\package\package.json not in flight; writing
128 verbose correctMkdir C:\Users\Admin\AppData\Local\.meteor\packages\meteor-tool\1.4.2_7\mt-os.windows.x86_32\dev_bundle\.npm correctMkdir not in flight; initializing
129 verbose afterAdd C:\Users\Admin\AppData\Local\.meteor\packages\meteor-tool\1.4.2_7\mt-os.windows.x86_32\dev_bundle\.npm\bindings\1.2.1\package\package.json written
130 http 200 https://registry.npmjs.org/nan
131 verbose headers { server: 'nginx/1.10.1',
131 verbose headers   'content-type': 'application/json',
131 verbose headers   'last-modified': 'Wed, 15 Feb 2017 12:36:59 GMT',
131 verbose headers   etag: 'W/"58a44b6b-1df62"',
131 verbose headers   'content-encoding': 'gzip',
131 verbose headers   'cache-control': 'max-age=300',
131 verbose headers   'content-length': '14430',
131 verbose headers   'accept-ranges': 'bytes',
131 verbose headers   date: 'Tue, 21 Feb 2017 17:20:46 GMT',
131 verbose headers   via: '1.1 varnish',
131 verbose headers   age: '130',
131 verbose headers   connection: 'keep-alive',
131 verbose headers   'x-served-by': 'cache-jfk8147-JFK',
131 verbose headers   'x-cache': 'HIT',
131 verbose headers   'x-cache-hits': '5',
131 verbose headers   'x-timer': 'S1487697646.992404,VS0,VE0',
131 verbose headers   vary: 'Accept-Encoding' }
132 silly get cb [ 200,
132 silly get   { server: 'nginx/1.10.1',
132 silly get     'content-type': 'application/json',
132 silly get     'last-modified': 'Wed, 15 Feb 2017 12:36:59 GMT',
132 silly get     etag: 'W/"58a44b6b-1df62"',
132 silly get     'content-encoding': 'gzip',
132 silly get     'cache-control': 'max-age=300',
132 silly get     'content-length': '14430',
132 silly get     'accept-ranges': 'bytes',
132 silly get     date: 'Tue, 21 Feb 2017 17:20:46 GMT',
132 silly get     via: '1.1 varnish',
132 silly get     age: '130',
132 silly get     connection: 'keep-alive',
132 silly get     'x-served-by': 'cache-jfk8147-JFK',
132 silly get     'x-cache': 'HIT',
132 silly get     'x-cache-hits': '5',
132 silly get     'x-timer': 'S1487697646.992404,VS0,VE0',
132 silly get     vary: 'Accept-Encoding' } ]
133 verbose get saving nan to C:\Users\Admin\AppData\Local\.meteor\packages\meteor-tool\1.4.2_7\mt-os.windows.x86_32\dev_bundle\.npm\registry.npmjs.org\nan\.cache.json
134 verbose correctMkdir C:\Users\Admin\AppData\Local\.meteor\packages\meteor-tool\1.4.2_7\mt-os.windows.x86_32\dev_bundle\.npm correctMkdir not in flight; initializing
135 silly resolveWithNewModule nan@2.3.5 checking installable status
136 silly cache add args [ 'nan@2.3.5', null ]
137 verbose cache add spec nan@2.3.5
138 silly cache add parsed spec Result {
138 silly cache add   raw: 'nan@2.3.5',
138 silly cache add   scope: null,
138 silly cache add   escapedName: 'nan',
138 silly cache add   name: 'nan',
138 silly cache add   rawSpec: '2.3.5',
138 silly cache add   spec: '2.3.5',
138 silly cache add   type: 'version' }
139 silly addNamed nan@2.3.5
140 verbose addNamed "2.3.5" is a plain semver version for nan
141 silly mapToRegistry name nan
142 silly mapToRegistry using default registry
143 silly mapToRegistry registry https://registry.npmjs.org/
144 silly mapToRegistry data Result {
144 silly mapToRegistry   raw: 'nan',
144 silly mapToRegistry   scope: null,
144 silly mapToRegistry   escapedName: 'nan',
144 silly mapToRegistry   name: 'nan',
144 silly mapToRegistry   rawSpec: '',
144 silly mapToRegistry   spec: 'latest',
144 silly mapToRegistry   type: 'tag' }
145 silly mapToRegistry uri https://registry.npmjs.org/nan
146 verbose addNameVersion registry:https://registry.npmjs.org/nan not in flight; fetching
147 verbose get https://registry.npmjs.org/nan not expired, no request
148 silly mapToRegistry name nan
149 silly mapToRegistry using default registry
150 silly mapToRegistry registry https://registry.npmjs.org/
151 silly mapToRegistry data Result {
151 silly mapToRegistry   raw: 'nan',
151 silly mapToRegistry   scope: null,
151 silly mapToRegistry   escapedName: 'nan',
151 silly mapToRegistry   name: 'nan',
151 silly mapToRegistry   rawSpec: '',
151 silly mapToRegistry   spec: 'latest',
151 silly mapToRegistry   type: 'tag' }
152 silly mapToRegistry uri https://registry.npmjs.org/nan
153 verbose addRemoteTarball https://registry.npmjs.org/nan/-/nan-2.3.5.tgz not in flight; adding
154 verbose addRemoteTarball [ 'https://registry.npmjs.org/nan/-/nan-2.3.5.tgz',
154 verbose addRemoteTarball   '822a0dc266290ce4cd3a12282ca3e7e364668a08' ]
155 info retry fetch attempt 1 at 12:20:49 PM
156 info attempt registry request try #1 at 12:20:49 PM
157 http fetch GET https://registry.npmjs.org/nan/-/nan-2.3.5.tgz
158 http fetch 200 https://registry.npmjs.org/nan/-/nan-2.3.5.tgz
159 silly fetchAndShaCheck shasum 822a0dc266290ce4cd3a12282ca3e7e364668a08
160 verbose addTmpTarball C:\Users\Admin\AppData\Local\Temp\npm-7560-9863d25b\registry.npmjs.org\nan\-\nan-2.3.5.tgz not in flight; adding
161 verbose addTmpTarball already have metadata; skipping unpack for nan@2.3.5
162 verbose correctMkdir C:\Users\Admin\AppData\Local\.meteor\packages\meteor-tool\1.4.2_7\mt-os.windows.x86_32\dev_bundle\.npm correctMkdir not in flight; initializing
163 silly cache afterAdd nan@2.3.5
164 verbose afterAdd C:\Users\Admin\AppData\Local\.meteor\packages\meteor-tool\1.4.2_7\mt-os.windows.x86_32\dev_bundle\.npm\nan\2.3.5\package\package.json not in flight; writing
165 verbose correctMkdir C:\Users\Admin\AppData\Local\.meteor\packages\meteor-tool\1.4.2_7\mt-os.windows.x86_32\dev_bundle\.npm correctMkdir not in flight; initializing
166 verbose afterAdd C:\Users\Admin\AppData\Local\.meteor\packages\meteor-tool\1.4.2_7\mt-os.windows.x86_32\dev_bundle\.npm\nan\2.3.5\package\package.json written
167 silly loadAllDepsIntoIdealTree Finishing
168 silly loadIdealTree Finishing
169 silly currentTree dash@
169 silly currentTree +-- ansi-regex@2.1.1
169 silly currentTree +-- ansi-styles@2.2.1
169 silly currentTree +-- autoprefixer@6.7.4
169 silly currentTree +-- babel-runtime@6.23.0
169 silly currentTree +-- balanced-match@0.4.2
169 silly currentTree +-- browserslist@1.7.4
169 silly currentTree +-- caniuse-db@1.0.30000624
169 silly currentTree +-- chalk@1.1.3
169 silly currentTree | `-- supports-color@2.0.0
169 silly currentTree +-- core-js@2.4.1
169 silly currentTree +-- electron-to-chromium@1.2.2
169 silly currentTree +-- escape-string-regexp@1.0.5
169 silly currentTree +-- gather-stream@1.0.0
169 silly currentTree +-- has-ansi@2.0.0
169 silly currentTree +-- has-flag@1.0.0
169 silly currentTree +-- js-base64@2.1.9
169 silly currentTree +-- laggard@0.1.0
169 silly currentTree +-- lodash@4.17.4
169 silly currentTree +-- log-symbols@1.0.2
169 silly currentTree +-- math-expression-evaluator@1.2.16
169 silly currentTree +-- meteor-node-stubs@0.2.5
169 silly currentTree | +-- asn1.js@4.9.0
169 silly currentTree | +-- assert@1.4.1
169 silly currentTree | +-- base64-js@1.2.0
169 silly currentTree | +-- Base64@0.2.1
169 silly currentTree | +-- bn.js@4.11.6
169 silly currentTree | +-- brorand@1.0.6
169 silly currentTree | +-- browserify-aes@1.0.6
169 silly currentTree | +-- browserify-cipher@1.0.0
169 silly currentTree | +-- browserify-des@1.0.0
169 silly currentTree | +-- browserify-rsa@4.0.1
169 silly currentTree | +-- browserify-sign@4.0.0
169 silly currentTree | +-- browserify-zlib@0.1.4
169 silly currentTree | +-- buffer-shims@1.0.0
169 silly currentTree | +-- buffer-xor@1.0.3
169 silly currentTree | +-- buffer@4.9.1
169 silly currentTree | +-- cipher-base@1.0.3
169 silly currentTree | +-- console-browserify@1.1.0
169 silly currentTree | +-- constants-browserify@1.0.0
169 silly currentTree | +-- core-util-is@1.0.2
169 silly currentTree | +-- create-ecdh@4.0.0
169 silly currentTree | +-- create-hash@1.1.2
169 silly currentTree | +-- create-hmac@1.1.4
169 silly currentTree | +-- crypto-browserify@3.11.0
169 silly currentTree | +-- date-now@0.1.4
169 silly currentTree | +-- des.js@1.0.0
169 silly currentTree | +-- diffie-hellman@5.0.2
169 silly currentTree | +-- domain-browser@1.1.7
169 silly currentTree | +-- elliptic@6.3.2
169 silly currentTree | +-- events@1.1.1
169 silly currentTree | +-- evp_bytestokey@1.0.0
169 silly currentTree | +-- hash.js@1.0.3
169 silly currentTree | +-- http-browserify@1.7.0
169 silly currentTree | +-- https-browserify@0.0.1
169 silly currentTree | +-- ieee754@1.1.8
169 silly currentTree | +-- indexof@0.0.1
169 silly currentTree | +-- inherits@2.0.1
169 silly currentTree | +-- isarray@1.0.0
169 silly currentTree | +-- miller-rabin@4.0.0
169 silly currentTree | +-- minimalistic-assert@1.0.0
169 silly currentTree | +-- os-browserify@0.2.1
169 silly currentTree | +-- pako@0.2.9
169 silly currentTree | +-- parse-asn1@5.0.0
169 silly currentTree | +-- path-browserify@0.0.0
169 silly currentTree | +-- pbkdf2@3.0.9
169 silly currentTree | +-- process-nextick-args@1.0.7
169 silly currentTree | +-- process@0.11.9
169 silly currentTree | +-- public-encrypt@4.0.0
169 silly currentTree | +-- punycode@1.4.1
169 silly currentTree | +-- querystring-es3@0.2.1
169 silly currentTree | +-- querystring@0.2.0
169 silly currentTree | +-- randombytes@2.0.3
169 silly currentTree | +-- readable-stream@2.2.1
169 silly currentTree | +-- ripemd160@1.0.1
169 silly currentTree | +-- sha.js@2.4.8
169 silly currentTree | +-- stream-browserify@2.0.1
169 silly currentTree | +-- string_decoder@0.10.31
169 silly currentTree | +-- timers-browserify@1.4.2
169 silly currentTree | +-- tty-browserify@0.0.0
169 silly currentTree | +-- url@0.11.0
169 silly currentTree | | `-- punycode@1.3.2
169 silly currentTree | +-- util-deprecate@1.0.2
169 silly currentTree | +-- util@0.10.3
169 silly currentTree | `-- vm-browserify@0.0.4
169 silly currentTree +-- minimist@1.2.0
169 silly currentTree +-- normalize-range@0.1.2
169 silly currentTree +-- num2fraction@1.2.2
169 silly currentTree +-- pixrem@3.0.2
169 silly currentTree +-- postcss-alias@0.2.2
169 silly currentTree +-- postcss-clearfix@1.0.0
169 silly currentTree +-- postcss-color-rgba-fallback@2.2.0
169 silly currentTree +-- postcss-easings@0.3.0
169 silly currentTree +-- postcss-fontpath@0.2.0
169 silly currentTree +-- postcss-hexrgba@0.2.1
169 silly currentTree +-- postcss-input-style@0.3.0
169 silly currentTree +-- postcss-opacity@3.0.0
169 silly currentTree +-- postcss-position@0.4.0
169 silly currentTree +-- postcss-pseudoelements@3.0.0
169 silly currentTree +-- postcss-quantity-queries@0.4.0
169 silly currentTree | `-- balanced-match@0.2.1
169 silly currentTree +-- postcss-reporter@1.4.1
169 silly currentTree +-- postcss-responsive-type@0.3.3
169 silly currentTree +-- postcss-value-parser@3.3.0
169 silly currentTree +-- postcss-vmin@2.0.0
169 silly currentTree +-- postcss-will-change@1.1.0
169 silly currentTree +-- postcss@5.2.14
169 silly currentTree +-- read-file-stdin@0.2.1
169 silly currentTree +-- reduce-css-calc@1.3.0
169 silly currentTree +-- reduce-function-call@1.0.2
169 silly currentTree +-- regenerator-runtime@0.10.3
169 silly currentTree +-- rgb-hex@1.0.0
169 silly currentTree +-- rucksack-css@0.8.6
169 silly currentTree +-- source-map@0.5.6
169 silly currentTree +-- strip-ansi@3.0.1
169 silly currentTree +-- supports-color@3.2.3
169 silly currentTree `-- write-file-stdout@0.0.2
170 silly idealTree dash@
170 silly idealTree +-- ansi-regex@2.1.1
170 silly idealTree +-- ansi-styles@2.2.1
170 silly idealTree +-- autoprefixer@6.7.4
170 silly idealTree +-- babel-runtime@6.23.0
170 silly idealTree +-- balanced-match@0.4.2
170 silly idealTree +-- bcrypt@0.8.7
170 silly idealTree +-- bindings@1.2.1
170 silly idealTree +-- browserslist@1.7.4
170 silly idealTree +-- caniuse-db@1.0.30000624
170 silly idealTree +-- chalk@1.1.3
170 silly idealTree | `-- supports-color@2.0.0
170 silly idealTree +-- core-js@2.4.1
170 silly idealTree +-- electron-to-chromium@1.2.2
170 silly idealTree +-- escape-string-regexp@1.0.5
170 silly idealTree +-- gather-stream@1.0.0
170 silly idealTree +-- has-ansi@2.0.0
170 silly idealTree +-- has-flag@1.0.0
170 silly idealTree +-- js-base64@2.1.9
170 silly idealTree +-- laggard@0.1.0
170 silly idealTree +-- lodash@4.17.4
170 silly idealTree +-- log-symbols@1.0.2
170 silly idealTree +-- math-expression-evaluator@1.2.16
170 silly idealTree +-- meteor-node-stubs@0.2.5
170 silly idealTree | +-- asn1.js@4.9.0
170 silly idealTree | +-- assert@1.4.1
170 silly idealTree | +-- base64-js@1.2.0
170 silly idealTree | +-- Base64@0.2.1
170 silly idealTree | +-- bn.js@4.11.6
170 silly idealTree | +-- brorand@1.0.6
170 silly idealTree | +-- browserify-aes@1.0.6
170 silly idealTree | +-- browserify-cipher@1.0.0
170 silly idealTree | +-- browserify-des@1.0.0
170 silly idealTree | +-- browserify-rsa@4.0.1
170 silly idealTree | +-- browserify-sign@4.0.0
170 silly idealTree | +-- browserify-zlib@0.1.4
170 silly idealTree | +-- buffer-shims@1.0.0
170 silly idealTree | +-- buffer-xor@1.0.3
170 silly idealTree | +-- buffer@4.9.1
170 silly idealTree | +-- cipher-base@1.0.3
170 silly idealTree | +-- console-browserify@1.1.0
170 silly idealTree | +-- constants-browserify@1.0.0
170 silly idealTree | +-- core-util-is@1.0.2
170 silly idealTree | +-- create-ecdh@4.0.0
170 silly idealTree | +-- create-hash@1.1.2
170 silly idealTree | +-- create-hmac@1.1.4
170 silly idealTree | +-- crypto-browserify@3.11.0
170 silly idealTree | +-- date-now@0.1.4
170 silly idealTree | +-- des.js@1.0.0
170 silly idealTree | +-- diffie-hellman@5.0.2
170 silly idealTree | +-- domain-browser@1.1.7
170 silly idealTree | +-- elliptic@6.3.2
170 silly idealTree | +-- events@1.1.1
170 silly idealTree | +-- evp_bytestokey@1.0.0
170 silly idealTree | +-- hash.js@1.0.3
170 silly idealTree | +-- http-browserify@1.7.0
170 silly idealTree | +-- https-browserify@0.0.1
170 silly idealTree | +-- ieee754@1.1.8
170 silly idealTree | +-- indexof@0.0.1
170 silly idealTree | +-- inherits@2.0.1
170 silly idealTree | +-- isarray@1.0.0
170 silly idealTree | +-- miller-rabin@4.0.0
170 silly idealTree | +-- minimalistic-assert@1.0.0
170 silly idealTree | +-- os-browserify@0.2.1
170 silly idealTree | +-- pako@0.2.9
170 silly idealTree | +-- parse-asn1@5.0.0
170 silly idealTree | +-- path-browserify@0.0.0
170 silly idealTree | +-- pbkdf2@3.0.9
170 silly idealTree | +-- process-nextick-args@1.0.7
170 silly idealTree | +-- process@0.11.9
170 silly idealTree | +-- public-encrypt@4.0.0
170 silly idealTree | +-- punycode@1.4.1
170 silly idealTree | +-- querystring-es3@0.2.1
170 silly idealTree | +-- querystring@0.2.0
170 silly idealTree | +-- randombytes@2.0.3
170 silly idealTree | +-- readable-stream@2.2.1
170 silly idealTree | +-- ripemd160@1.0.1
170 silly idealTree | +-- sha.js@2.4.8
170 silly idealTree | +-- stream-browserify@2.0.1
170 silly idealTree | +-- string_decoder@0.10.31
170 silly idealTree | +-- timers-browserify@1.4.2
170 silly idealTree | +-- tty-browserify@0.0.0
170 silly idealTree | +-- url@0.11.0
170 silly idealTree | | `-- punycode@1.3.2
170 silly idealTree | +-- util-deprecate@1.0.2
170 silly idealTree | +-- util@0.10.3
170 silly idealTree | `-- vm-browserify@0.0.4
170 silly idealTree +-- minimist@1.2.0
170 silly idealTree +-- nan@2.3.5
170 silly idealTree +-- normalize-range@0.1.2
170 silly idealTree +-- num2fraction@1.2.2
170 silly idealTree +-- pixrem@3.0.2
170 silly idealTree +-- postcss-alias@0.2.2
170 silly idealTree +-- postcss-clearfix@1.0.0
170 silly idealTree +-- postcss-color-rgba-fallback@2.2.0
170 silly idealTree +-- postcss-easings@0.3.0
170 silly idealTree +-- postcss-fontpath@0.2.0
170 silly idealTree +-- postcss-hexrgba@0.2.1
170 silly idealTree +-- postcss-input-style@0.3.0
170 silly idealTree +-- postcss-opacity@3.0.0
170 silly idealTree +-- postcss-position@0.4.0
170 silly idealTree +-- postcss-pseudoelements@3.0.0
170 silly idealTree +-- postcss-quantity-queries@0.4.0
170 silly idealTree | `-- balanced-match@0.2.1
170 silly idealTree +-- postcss-reporter@1.4.1
170 silly idealTree +-- postcss-responsive-type@0.3.3
170 silly idealTree +-- postcss-value-parser@3.3.0
170 silly idealTree +-- postcss-vmin@2.0.0
170 silly idealTree +-- postcss-will-change@1.1.0
170 silly idealTree +-- postcss@5.2.14
170 silly idealTree +-- read-file-stdin@0.2.1
170 silly idealTree +-- reduce-css-calc@1.3.0
170 silly idealTree +-- reduce-function-call@1.0.2
170 silly idealTree +-- regenerator-runtime@0.10.3
170 silly idealTree +-- rgb-hex@1.0.0
170 silly idealTree +-- rucksack-css@0.8.6
170 silly idealTree +-- source-map@0.5.6
170 silly idealTree +-- strip-ansi@3.0.1
170 silly idealTree +-- supports-color@3.2.3
170 silly idealTree `-- write-file-stdout@0.0.2
171 silly generateActionsToTake Starting
172 silly install generateActionsToTake
173 silly generateActionsToTake Finishing
174 silly diffTrees action count 3
175 silly diffTrees add bindings@1.2.1
176 silly diffTrees add nan@2.3.5
177 silly diffTrees add bcrypt@0.8.7
178 silly decomposeActions action count 24
179 silly decomposeActions fetch bindings@1.2.1
180 silly decomposeActions extract bindings@1.2.1
181 silly decomposeActions test bindings@1.2.1
182 silly decomposeActions preinstall bindings@1.2.1
183 silly decomposeActions build bindings@1.2.1
184 silly decomposeActions install bindings@1.2.1
185 silly decomposeActions postinstall bindings@1.2.1
186 silly decomposeActions finalize bindings@1.2.1
187 silly decomposeActions fetch nan@2.3.5
188 silly decomposeActions extract nan@2.3.5
189 silly decomposeActions test nan@2.3.5
190 silly decomposeActions preinstall nan@2.3.5
191 silly decomposeActions build nan@2.3.5
192 silly decomposeActions install nan@2.3.5
193 silly decomposeActions postinstall nan@2.3.5
194 silly decomposeActions finalize nan@2.3.5
195 silly decomposeActions fetch bcrypt@0.8.7
196 silly decomposeActions extract bcrypt@0.8.7
197 silly decomposeActions test bcrypt@0.8.7
198 silly decomposeActions preinstall bcrypt@0.8.7
199 silly decomposeActions build bcrypt@0.8.7
200 silly decomposeActions install bcrypt@0.8.7
201 silly decomposeActions postinstall bcrypt@0.8.7
202 silly decomposeActions finalize bcrypt@0.8.7
203 silly runTopLevelLifecycles Starting
204 silly executeActions Starting
205 silly install executeActions
206 silly doSerial global-install 0
207 silly doParallel fetch 3
208 verbose correctMkdir C:\Users\Admin\AppData\Local\.meteor\packages\meteor-tool\1.4.2_7\mt-os.windows.x86_32\dev_bundle\.npm\_locks correctMkdir not in flight; initializing
209 verbose lock using C:\Users\Admin\AppData\Local\.meteor\packages\meteor-tool\1.4.2_7\mt-os.windows.x86_32\dev_bundle\.npm\_locks\staging-fd107fcea3f64f85.lock for E:\github\dashboard-beta\node_modules\.staging
210 silly doParallel extract 3
211 silly extract bindings@1.2.1
212 silly extract nan@2.3.5
213 silly extract bcrypt@0.8.7
214 verbose unbuild node_modules\.staging\bindings-1593a6c3
215 verbose unbuild node_modules\.staging\nan-d3f0deed
216 verbose unbuild node_modules\.staging\bcrypt-ec51d580
217 silly gentlyRm E:\github\dashboard-beta\node_modules\.staging\bindings-1593a6c3 is being purged from base E:\github\dashboard-beta
218 verbose gentlyRm don't care about contents; nuking E:\github\dashboard-beta\node_modules\.staging\bindings-1593a6c3
219 silly gentlyRm E:\github\dashboard-beta\node_modules\.staging\nan-d3f0deed is being purged from base E:\github\dashboard-beta
220 verbose gentlyRm don't care about contents; nuking E:\github\dashboard-beta\node_modules\.staging\nan-d3f0deed
221 verbose tar unpack C:\Users\Admin\AppData\Local\.meteor\packages\meteor-tool\1.4.2_7\mt-os.windows.x86_32\dev_bundle\.npm\bindings\1.2.1\package.tgz
222 verbose tar unpacking to E:\github\dashboard-beta\node_modules\.staging\bindings-1593a6c3
223 silly gentlyRm E:\github\dashboard-beta\node_modules\.staging\bindings-1593a6c3 is being purged
224 verbose gentlyRm don't care about contents; nuking E:\github\dashboard-beta\node_modules\.staging\bindings-1593a6c3
225 silly gentlyRm E:\github\dashboard-beta\node_modules\.staging\bcrypt-ec51d580 is being purged from base E:\github\dashboard-beta
226 verbose gentlyRm don't care about contents; nuking E:\github\dashboard-beta\node_modules\.staging\bcrypt-ec51d580
227 verbose tar unpack C:\Users\Admin\AppData\Local\.meteor\packages\meteor-tool\1.4.2_7\mt-os.windows.x86_32\dev_bundle\.npm\nan\2.3.5\package.tgz
228 verbose tar unpacking to E:\github\dashboard-beta\node_modules\.staging\nan-d3f0deed
229 silly gentlyRm E:\github\dashboard-beta\node_modules\.staging\nan-d3f0deed is being purged
230 verbose gentlyRm don't care about contents; nuking E:\github\dashboard-beta\node_modules\.staging\nan-d3f0deed
231 silly gunzTarPerm modes [ '777', '666' ]
232 verbose tar unpack C:\Users\Admin\AppData\Local\.meteor\packages\meteor-tool\1.4.2_7\mt-os.windows.x86_32\dev_bundle\.npm\bcrypt\0.8.7\package.tgz
233 verbose tar unpacking to E:\github\dashboard-beta\node_modules\.staging\bcrypt-ec51d580
234 silly gentlyRm E:\github\dashboard-beta\node_modules\.staging\bcrypt-ec51d580 is being purged
235 verbose gentlyRm don't care about contents; nuking E:\github\dashboard-beta\node_modules\.staging\bcrypt-ec51d580
236 silly gunzTarPerm modes [ '777', '666' ]
237 silly gunzTarPerm modes [ '777', '666' ]
238 silly gunzTarPerm extractEntry package.json
239 silly gunzTarPerm modified mode [ 'package.json', 420, 438 ]
240 silly gunzTarPerm extractEntry package.json
241 silly gunzTarPerm modified mode [ 'package.json', 436, 438 ]
242 silly gunzTarPerm extractEntry package.json
243 silly gunzTarPerm modified mode [ 'package.json', 420, 438 ]
244 silly gunzTarPerm extractEntry README.md
245 silly gunzTarPerm modified mode [ 'README.md', 420, 438 ]
246 silly gunzTarPerm extractEntry bindings.js
247 silly gunzTarPerm modified mode [ 'bindings.js', 420, 438 ]
248 silly gunzTarPerm extractEntry README.md
249 silly gunzTarPerm modified mode [ 'README.md', 436, 438 ]
250 silly gunzTarPerm extractEntry .npmignore
251 silly gunzTarPerm modified mode [ '.npmignore', 420, 438 ]
252 silly gunzTarPerm extractEntry README.md
253 silly gunzTarPerm modified mode [ 'README.md', 420, 438 ]
254 silly gunzTarPerm extractEntry include_dirs.js
255 silly gunzTarPerm modified mode [ 'include_dirs.js', 436, 438 ]
256 silly gunzTarPerm extractEntry LICENSE
257 silly gunzTarPerm modified mode [ 'LICENSE', 420, 438 ]
258 silly gunzTarPerm extractEntry bcrypt.js
259 silly gunzTarPerm modified mode [ 'bcrypt.js', 420, 438 ]
260 silly gunzTarPerm extractEntry Makefile
261 silly gunzTarPerm modified mode [ 'Makefile', 420, 438 ]
262 silly gunzTarPerm extractEntry .travis.yml
263 silly gunzTarPerm modified mode [ '.travis.yml', 420, 438 ]
264 silly gunzTarPerm extractEntry CHANGELOG.md
265 silly gunzTarPerm modified mode [ 'CHANGELOG.md', 420, 438 ]
266 silly gunzTarPerm extractEntry binding.gyp
267 silly gunzTarPerm modified mode [ 'binding.gyp', 420, 438 ]
268 silly gunzTarPerm extractEntry examples/async_compare.js
269 silly gunzTarPerm modified mode [ 'examples/async_compare.js', 420, 438 ]
270 silly gunzTarPerm extractEntry examples/forever_gen_salt.js
271 silly gunzTarPerm modified mode [ 'examples/forever_gen_salt.js', 420, 438 ]
272 silly gunzTarPerm extractEntry test/async.js
273 silly gunzTarPerm modified mode [ 'test/async.js', 420, 438 ]
274 silly gunzTarPerm extractEntry test/repetitions.js
275 silly gunzTarPerm modified mode [ 'test/repetitions.js', 420, 438 ]
276 silly gunzTarPerm extractEntry test/sync.js
277 silly gunzTarPerm modified mode [ 'test/sync.js', 420, 438 ]
278 silly gunzTarPerm extractEntry ISSUE_TEMPLATE.md
279 silly gunzTarPerm modified mode [ 'ISSUE_TEMPLATE.md', 420, 438 ]
280 silly gunzTarPerm extractEntry src/bcrypt.cc
281 silly gunzTarPerm modified mode [ 'src/bcrypt.cc', 420, 438 ]
282 silly gunzTarPerm extractEntry src/bcrypt_node.cc
283 silly gunzTarPerm modified mode [ 'src/bcrypt_node.cc', 420, 438 ]
284 silly gunzTarPerm extractEntry src/blowfish.cc
285 silly gunzTarPerm modified mode [ 'src/blowfish.cc', 420, 438 ]
286 silly gunzTarPerm extractEntry src/node_blf.h
287 silly gunzTarPerm modified mode [ 'src/node_blf.h', 420, 438 ]
288 silly gunzTarPerm extractEntry werker.yml
289 silly gunzTarPerm modified mode [ 'werker.yml', 420, 438 ]
290 silly gunzTarPerm extractEntry nan_converters.h
291 silly gunzTarPerm modified mode [ 'nan_converters.h', 436, 438 ]
292 silly gunzTarPerm extractEntry LICENSE.md
293 silly gunzTarPerm modified mode [ 'LICENSE.md', 436, 438 ]
294 silly gunzTarPerm extractEntry doc/node_misc.md
295 silly gunzTarPerm modified mode [ 'doc/node_misc.md', 436, 438 ]
296 silly gunzTarPerm extractEntry doc/asyncworker.md
297 silly gunzTarPerm modified mode [ 'doc/asyncworker.md', 436, 438 ]
298 silly gunzTarPerm extractEntry doc/callback.md
299 silly gunzTarPerm modified mode [ 'doc/callback.md', 436, 438 ]
300 silly gunzTarPerm extractEntry doc/converters.md
301 silly gunzTarPerm modified mode [ 'doc/converters.md', 436, 438 ]
302 silly gunzTarPerm extractEntry doc/errors.md
303 silly gunzTarPerm modified mode [ 'doc/errors.md', 436, 438 ]
304 silly gunzTarPerm extractEntry doc/maybe_types.md
305 silly gunzTarPerm modified mode [ 'doc/maybe_types.md', 436, 438 ]
306 silly gunzTarPerm extractEntry doc/methods.md
307 silly gunzTarPerm modified mode [ 'doc/methods.md', 436, 438 ]
308 silly gunzTarPerm extractEntry doc/new.md
309 silly gunzTarPerm modified mode [ 'doc/new.md', 436, 438 ]
310 silly gunzTarPerm extractEntry doc/buffers.md
311 silly gunzTarPerm modified mode [ 'doc/buffers.md', 436, 438 ]
312 silly gunzTarPerm extractEntry doc/object_wrappers.md
313 silly gunzTarPerm modified mode [ 'doc/object_wrappers.md', 436, 438 ]
314 silly gunzTarPerm extractEntry doc/persistent.md
315 silly gunzTarPerm modified mode [ 'doc/persistent.md', 436, 438 ]
316 silly gunzTarPerm extractEntry doc/scopes.md
317 silly gunzTarPerm modified mode [ 'doc/scopes.md', 436, 438 ]
318 silly gentlyRm E:\github\dashboard-beta\node_modules\.staging\bindings-1593a6c3\node_modules is being purged
319 verbose gentlyRm don't care about contents; nuking E:\github\dashboard-beta\node_modules\.staging\bindings-1593a6c3\node_modules
320 silly gunzTarPerm extractEntry doc/script.md
321 silly gunzTarPerm modified mode [ 'doc/script.md', 436, 438 ]
322 silly gunzTarPerm extractEntry doc/string_bytes.md
323 silly gunzTarPerm modified mode [ 'doc/string_bytes.md', 436, 438 ]
324 silly gunzTarPerm extractEntry doc/v8_internals.md
325 silly gunzTarPerm modified mode [ 'doc/v8_internals.md', 436, 438 ]
326 silly gunzTarPerm extractEntry doc/v8_misc.md
327 silly gunzTarPerm modified mode [ 'doc/v8_misc.md', 436, 438 ]
328 silly gunzTarPerm extractEntry nan.h
329 silly gunzTarPerm modified mode [ 'nan.h', 436, 438 ]
330 silly gunzTarPerm extractEntry nan_callbacks.h
331 silly gunzTarPerm modified mode [ 'nan_callbacks.h', 436, 438 ]
332 silly gunzTarPerm extractEntry nan_callbacks_12_inl.h
333 silly gunzTarPerm modified mode [ 'nan_callbacks_12_inl.h', 436, 438 ]
334 silly gunzTarPerm extractEntry nan_callbacks_pre_12_inl.h
335 silly gunzTarPerm modified mode [ 'nan_callbacks_pre_12_inl.h', 436, 438 ]
336 silly gunzTarPerm extractEntry nan_converters_43_inl.h
337 silly gunzTarPerm modified mode [ 'nan_converters_43_inl.h', 436, 438 ]
338 silly gunzTarPerm extractEntry nan_converters_pre_43_inl.h
339 silly gunzTarPerm modified mode [ 'nan_converters_pre_43_inl.h', 436, 438 ]
340 silly gunzTarPerm extractEntry nan_implementation_12_inl.h
341 silly gunzTarPerm modified mode [ 'nan_implementation_12_inl.h', 436, 438 ]
342 silly gunzTarPerm extractEntry nan_implementation_pre_12_inl.h
343 silly gunzTarPerm modified mode [ 'nan_implementation_pre_12_inl.h', 436, 438 ]
344 silly gunzTarPerm extractEntry nan_maybe_43_inl.h
345 silly gunzTarPerm modified mode [ 'nan_maybe_43_inl.h', 436, 438 ]
346 silly gunzTarPerm extractEntry nan_maybe_pre_43_inl.h
347 silly gunzTarPerm modified mode [ 'nan_maybe_pre_43_inl.h', 436, 438 ]
348 silly gunzTarPerm extractEntry nan_new.h
349 silly gunzTarPerm modified mode [ 'nan_new.h', 436, 438 ]
350 silly gunzTarPerm extractEntry nan_object_wrap.h
351 silly gunzTarPerm modified mode [ 'nan_object_wrap.h', 436, 438 ]
352 silly gunzTarPerm extractEntry nan_persistent_12_inl.h
353 silly gunzTarPerm modified mode [ 'nan_persistent_12_inl.h', 436, 438 ]
354 silly gunzTarPerm extractEntry nan_persistent_pre_12_inl.h
355 silly gunzTarPerm modified mode [ 'nan_persistent_pre_12_inl.h', 436, 438 ]
356 silly gunzTarPerm extractEntry nan_string_bytes.h
357 silly gunzTarPerm modified mode [ 'nan_string_bytes.h', 436, 438 ]
358 silly gunzTarPerm extractEntry nan_typedarray_contents.h
359 silly gunzTarPerm modified mode [ 'nan_typedarray_contents.h', 436, 438 ]
360 silly gunzTarPerm extractEntry nan_weak.h
361 silly gunzTarPerm modified mode [ 'nan_weak.h', 436, 438 ]
362 silly gunzTarPerm extractEntry CHANGELOG.md
363 silly gunzTarPerm modified mode [ 'CHANGELOG.md', 436, 438 ]
364 silly gunzTarPerm extractEntry tools/package.json
365 silly gunzTarPerm modified mode [ 'tools/package.json', 436, 438 ]
366 silly gunzTarPerm extractEntry tools/README.md
367 silly gunzTarPerm modified mode [ 'tools/README.md', 436, 438 ]
368 silly gunzTarPerm extractEntry tools/1to2.js
369 silly gunzTarPerm modified mode [ 'tools/1to2.js', 509, 511 ]
370 silly gentlyRm E:\github\dashboard-beta\node_modules\.staging\bcrypt-ec51d580\node_modules is being purged
371 verbose gentlyRm don't care about contents; nuking E:\github\dashboard-beta\node_modules\.staging\bcrypt-ec51d580\node_modules
372 silly gentlyRm E:\github\dashboard-beta\node_modules\.staging\nan-d3f0deed\node_modules is being purged
373 verbose gentlyRm don't care about contents; nuking E:\github\dashboard-beta\node_modules\.staging\nan-d3f0deed\node_modules
374 silly doParallel preinstall 3
375 silly preinstall bindings@1.2.1 E:\github\dashboard-beta\node_modules\.staging\bindings-1593a6c3
376 info lifecycle bindings@1.2.1~preinstall: bindings@1.2.1
377 silly preinstall nan@2.3.5 E:\github\dashboard-beta\node_modules\.staging\nan-d3f0deed
378 info lifecycle nan@2.3.5~preinstall: nan@2.3.5
379 silly preinstall bcrypt@0.8.7 E:\github\dashboard-beta\node_modules\.staging\bcrypt-ec51d580
380 info lifecycle bcrypt@0.8.7~preinstall: bcrypt@0.8.7
381 silly lifecycle bindings@1.2.1~preinstall: no script for preinstall, continuing
382 silly lifecycle nan@2.3.5~preinstall: no script for preinstall, continuing
383 silly lifecycle bcrypt@0.8.7~preinstall: no script for preinstall, continuing
384 silly doReverseSerial remove 0
385 silly doSerial move 0
386 silly doSerial finalize 3
387 silly finalize E:\github\dashboard-beta\node_modules\bindings
388 silly finalize E:\github\dashboard-beta\node_modules\nan
389 silly finalize E:\github\dashboard-beta\node_modules\bcrypt
390 silly doSerial build 3
391 silly build bindings@1.2.1
392 info linkStuff bindings@1.2.1
393 silly linkStuff bindings@1.2.1 has E:\github\dashboard-beta\node_modules as its parent node_modules
394 verbose linkBins bindings@1.2.1
395 verbose linkMans bindings@1.2.1
396 silly build nan@2.3.5
397 info linkStuff nan@2.3.5
398 silly linkStuff nan@2.3.5 has E:\github\dashboard-beta\node_modules as its parent node_modules
399 verbose linkBins nan@2.3.5
400 verbose linkMans nan@2.3.5
401 silly build bcrypt@0.8.7
402 info linkStuff bcrypt@0.8.7
403 silly linkStuff bcrypt@0.8.7 has E:\github\dashboard-beta\node_modules as its parent node_modules
404 verbose linkBins bcrypt@0.8.7
405 verbose linkMans bcrypt@0.8.7
406 silly doSerial global-link 0
407 silly doParallel update-linked 0
408 silly doSerial install 3
409 silly install bindings@1.2.1 E:\github\dashboard-beta\node_modules\.staging\bindings-1593a6c3
410 info lifecycle bindings@1.2.1~install: bindings@1.2.1
411 silly lifecycle bindings@1.2.1~install: no script for install, continuing
412 silly install nan@2.3.5 E:\github\dashboard-beta\node_modules\.staging\nan-d3f0deed
413 info lifecycle nan@2.3.5~install: nan@2.3.5
414 silly lifecycle nan@2.3.5~install: no script for install, continuing
415 silly install bcrypt@0.8.7 E:\github\dashboard-beta\node_modules\.staging\bcrypt-ec51d580
416 info lifecycle bcrypt@0.8.7~install: bcrypt@0.8.7
417 verbose lifecycle bcrypt@0.8.7~install: unsafe-perm in lifecycle true
418 verbose lifecycle bcrypt@0.8.7~install: PATH: C:\Users\Admin\AppData\Local\.meteor\packages\meteor-tool\1.4.2_7\mt-os.windows.x86_32\dev_bundle\lib\node_modules\npm\bin\node-gyp-bin;E:\github\dashboard-beta\node_modules\bcrypt\node_modules\.bin;E:\github\dashboard-beta\node_modules\.bin;C:\Users\Admin\AppData\Local\.meteor\packages\meteor-tool\1.4.2_7\mt-os.windows.x86_32\dev_bundle\bin;C:\Users\Admin\AppData\Local\.meteor\packages\meteor-tool\1.4.2_7\mt-os.windows.x86_32\dev_bundle\lib\node_modules\.bin;C:\Program Files (x86)\Intel\iCLS Client\;C:\Program Files\Intel\iCLS Client\;C:\Windows\system32;C:\Windows;C:\Windows\System32\Wbem;C:\Windows\System32\WindowsPowerShell\v1.0\;C:\Program Files (x86)\Intel\Intel(R) Management Engine Components\DAL;C:\Program Files\Intel\Intel(R) Management Engine Components\DAL;C:\Program Files (x86)\Intel\Intel(R) Management Engine Components\IPT;C:\Program Files\Intel\Intel(R) Management Engine Components\IPT;C:\Program Files (x86)\NVIDIA Corporation\PhysX\Common;C:\Program Files\Intel\WiFi\bin\;C:\Program Files\Common Files\Intel\WirelessCommon\;C:\Program Files (x86)\Skype\Phone\;C:\Users\Admin\AppData\Local\Microsoft\WindowsApps;C:\Users\Admin\AppData\Local\.meteor\
419 verbose lifecycle bcrypt@0.8.7~install: CWD: E:\github\dashboard-beta\node_modules\bcrypt
420 silly lifecycle bcrypt@0.8.7~install: Args: [ '/d /s /c', 'node-gyp rebuild' ]
421 silly lifecycle bcrypt@0.8.7~install: Returned: code: 1  signal: null
422 info lifecycle bcrypt@0.8.7~install: Failed to exec install script
423 verbose unlock done using C:\Users\Admin\AppData\Local\.meteor\packages\meteor-tool\1.4.2_7\mt-os.windows.x86_32\dev_bundle\.npm\_locks\staging-fd107fcea3f64f85.lock for E:\github\dashboard-beta\node_modules\.staging
424 silly rollbackFailedOptional Starting
425 silly rollbackFailedOptional Finishing
426 silly runTopLevelLifecycles Finishing
427 silly install printInstalled
428 verbose stack Error: bcrypt@0.8.7 install: `node-gyp rebuild`
428 verbose stack Exit status 1
428 verbose stack     at EventEmitter.<anonymous> (C:\Users\Admin\AppData\Local\.meteor\packages\meteor-tool\1.4.2_7\mt-os.windows.x86_32\dev_bundle\lib\node_modules\npm\lib\utils\lifecycle.js:255:16)
428 verbose stack     at emitTwo (events.js:87:13)
428 verbose stack     at EventEmitter.emit (events.js:172:7)
428 verbose stack     at ChildProcess.<anonymous> (C:\Users\Admin\AppData\Local\.meteor\packages\meteor-tool\1.4.2_7\mt-os.windows.x86_32\dev_bundle\lib\node_modules\npm\lib\utils\spawn.js:40:14)
428 verbose stack     at emitTwo (events.js:87:13)
428 verbose stack     at ChildProcess.emit (events.js:172:7)
428 verbose stack     at maybeClose (internal/child_process.js:854:16)
428 verbose stack     at Process.ChildProcess._handle.onexit (internal/child_process.js:222:5)
429 verbose pkgid bcrypt@0.8.7
430 verbose cwd E:\github\dashboard-beta
431 error Windows_NT 10.0.14393
432 error argv "C:\\Users\\Admin\\AppData\\Local\\.meteor\\packages\\meteor-tool\\1.4.2_7\\mt-os.windows.x86_32\\dev_bundle\\bin\\node.exe" "C:\\Users\\Admin\\AppData\\Local\\.meteor\\packages\\meteor-tool\\1.4.2_7\\mt-os.windows.x86_32\\dev_bundle\\lib\\node_modules\\npm\\bin\\npm-cli.js" "install" "--save" "bcrypt"
433 error node v4.7.3
434 error npm  v3.10.9
435 error code ELIFECYCLE
436 error bcrypt@0.8.7 install: `node-gyp rebuild`
436 error Exit status 1
437 error Failed at the bcrypt@0.8.7 install script 'node-gyp rebuild'.
437 error Make sure you have the latest version of node.js and npm installed.
437 error If you do, this is most likely a problem with the bcrypt package,
437 error not with npm itself.
437 error Tell the author that this fails on your system:
437 error     node-gyp rebuild
437 error You can get information on how to open an issue for this project with:
437 error     npm bugs bcrypt
437 error Or if that isn't available, you can get their info via:
437 error     npm owner ls bcrypt
437 error There is likely additional logging output above.
438 verbose exit [ 1, true ]
